app/build/intermediates/manifest_merge_blame_file/debug/manifest-merger-blame-debug-report.txt
1<?xml version="1.0" encoding="utf-8"?>
2<manifest xmlns:android="http://schemas.android.com/apk/res/android"
3    package="com.codingwithmitch.mvvmrecipeapp"
4    android:versionCode="1"
5    android:versionName="1.0" >
6
7    <uses-sdk
8        android:minSdkVersion="21"
8-->src/main/AndroidManifest.xml
9        android:targetSdkVersion="32" />
9-->src/main/AndroidManifest.xml
10
11    <uses-permission android:name="android.permission.INTERNET" />
11-->src/main/AndroidManifest.xml:5:5-66
11-->src/main/AndroidManifest.xml:5:22-64
12
13    <application
13-->src/main/AndroidManifest.xml:7:5-22:19
14        android:name="com.codingwithmitch.mvvmrecipeapp.presentation.BaseApplication"
14-->src/main/AndroidManifest.xml:8:9-53
15        android:allowBackup="true"
15-->src/main/AndroidManifest.xml:9:9-35
16        android:appComponentFactory="androidx.core.app.CoreComponentFactory"
16-->[androidx.core:core:1.6.0] AndroidManifest.xml:24:18-86
17        android:debuggable="true"
18        android:icon="@mipmap/ic_launcher"
18-->src/main/AndroidManifest.xml:10:9-43
19        android:label="@string/app_name"
19-->src/main/AndroidManifest.xml:11:9-41
20        android:roundIcon="@mipmap/ic_launcher_round"
20-->src/main/AndroidManifest.xml:12:9-54
21        android:supportsRtl="true"
21-->src/main/AndroidManifest.xml:13:9-35
22        android:theme="@style/Theme.MVVMRecipeApp" >
22-->src/main/AndroidManifest.xml:14:9-51
23        <activity
23-->src/main/AndroidManifest.xml:15:9-21:20
24            android:name="com.codingwithmitch.mvvmrecipeapp.presentation.MainActivity"
24-->src/main/AndroidManifest.xml:15:19-93
25            android:exported="true" >
25-->src/main/AndroidManifest.xml:16:13-36
26            <intent-filter>
26-->src/main/AndroidManifest.xml:17:13-20:29
27                <action android:name="android.intent.action.MAIN" />
27-->src/main/AndroidManifest.xml:18:17-69
27-->src/main/AndroidManifest.xml:18:25-66
28
29                <category android:name="android.intent.category.LAUNCHER" />
29-->src/main/AndroidManifest.xml:19:17-77
29-->src/main/AndroidManifest.xml:19:27-74
30            </intent-filter>
31        </activity>
32        <activity
32-->[androidx.compose.ui:ui-tooling:1.1.1] AndroidManifest.xml:25:9-27:39
33            android:name="androidx.compose.ui.tooling.PreviewActivity"
33-->[androidx.compose.ui:ui-tooling:1.1.1] AndroidManifest.xml:26:13-71
34            android:exported="true" />
34-->[androidx.compose.ui:ui-tooling:1.1.1] AndroidManifest.xml:27:13-36
35        <activity
35-->[androidx.ui:ui-tooling:1.0.0-alpha07] AndroidManifest.xml:25:9-27:39
36            android:name="androidx.ui.tooling.preview.PreviewActivity"
36-->[androidx.ui:ui-tooling:1.0.0-alpha07] AndroidManifest.xml:26:13-71
37            android:exported="true" />
37-->[androidx.ui:ui-tooling:1.0.0-alpha07] AndroidManifest.xml:27:13-36
38
39        <provider
39-->[androidx.profileinstaller:profileinstaller:1.1.0] AndroidManifest.xml:26:9-34:20
40            android:name="androidx.startup.InitializationProvider"
40-->[androidx.profileinstaller:profileinstaller:1.1.0] AndroidManifest.xml:27:13-67
41            android:authorities="com.codingwithmitch.mvvmrecipeapp.androidx-startup"
41-->[androidx.profileinstaller:profileinstaller:1.1.0] AndroidManifest.xml:28:13-68
42            android:exported="false" >
42-->[androidx.profileinstaller:profileinstaller:1.1.0] AndroidManifest.xml:29:13-37
43            <meta-data
43-->[androidx.profileinstaller:profileinstaller:1.1.0] AndroidManifest.xml:31:13-33:52
44                android:name="androidx.profileinstaller.ProfileInstallerInitializer"
44-->[androidx.profileinstaller:profileinstaller:1.1.0] AndroidManifest.xml:32:17-85
45                android:value="androidx.startup" />
45-->[androidx.profileinstaller:profileinstaller:1.1.0] AndroidManifest.xml:33:17-49
46        </provider>
47
48        <receiver
48-->[androidx.profileinstaller:profileinstaller:1.1.0] AndroidManifest.xml:36:9-45:20
49            android:name="androidx.profileinstaller.ProfileInstallReceiver"
49-->[androidx.profileinstaller:profileinstaller:1.1.0] AndroidManifest.xml:37:13-76
50            android:directBootAware="false"
50-->[androidx.profileinstaller:profileinstaller:1.1.0] AndroidManifest.xml:38:13-44
51            android:enabled="true"
51-->[androidx.profileinstaller:profileinstaller:1.1.0] AndroidManifest.xml:39:13-35
52            android:exported="true"
52-->[androidx.profileinstaller:profileinstaller:1.1.0] AndroidManifest.xml:40:13-36
53            android:permission="android.permission.DUMP" >
53-->[androidx.profileinstaller:profileinstaller:1.1.0] AndroidManifest.xml:41:13-57
54            <intent-filter>
54-->[androidx.profileinstaller:profileinstaller:1.1.0] AndroidManifest.xml:42:13-44:29
55                <action android:name="androidx.profileinstaller.action.INSTALL_PROFILE" />
55-->[androidx.profileinstaller:profileinstaller:1.1.0] AndroidManifest.xml:43:17-91
55-->[androidx.profileinstaller:profileinstaller:1.1.0] AndroidManifest.xml:43:25-88
56            </intent-filter>
57        </receiver>
58    </application>
59
60</manifest>